<?xml version="1.0" encoding="UTF-8"?>
<!-- Generated by org.testng.reporters.JUnitReportReporter -->
<testsuite hostname="DESKTOP-ASQKMVR" failures="0" tests="1" name="com.UI_Test.ExecuteTest" time="11.624" errors="0" timestamp="2024-03-03T00:16:59 IST" skipped="0">
  <testcase classname="com.UI_Test.ExecuteTest" name="searchTest1" time="11.624"/>
  <system-out/>
</testsuite> <!-- com.UI_Test.ExecuteTest -->
